{"synthetic": false,
 "schemaVersion": "2025-09-10",
 "outputs": null,
 "log":
 [{"message":
   ".> ELAN=elan ELAN_HOME=/home/runner/.elan ELAN_TOOLCHAIN=leanprover/lean4:v4.30.0-rc2 LAKE=/home/runner/.elan/toolchains/leanprover--lean4---v4.30.0-rc2/bin/lake LAKE_HOME=/home/runner/.elan/toolchains/leanprover--lean4---v4.30.0-rc2 LAKE_CONFIG=/home/runner/.lake/config.toml LAKE_PKG_URL_MAP={} LAKE_NO_CACHE=false LAKE_CACHE_KEY= LAKE_CACHE_ARTIFACT_ENDPOINT= LAKE_CACHE_REVISION_ENDPOINT= LAKE_CACHE_SERVICE= LEAN=/home/runner/.elan/toolchains/leanprover--lean4---v4.30.0-rc2/bin/lean LEAN_SYSROOT=/home/runner/.elan/toolchains/leanprover--lean4---v4.30.0-rc2 LEAN_AR=/home/runner/.elan/toolchains/leanprover--lean4---v4.30.0-rc2/bin/llvm-ar LEAN_CC= LAKE_CACHE_DIR=/home/runner/.elan/toolchains/leanprover--lean4---v4.30.0-rc2/lake/cache LAKE_ARTIFACT_CACHE= LEAN_PATH=/home/runner/work/lean4-unicode-basic/lean4-unicode-basic/.lake/packages/plausible/.lake/build/lib/lean:/home/runner/work/lean4-unicode-basic/lean4-unicode-basic/.lake/packages/MD4Lean/.lake/build/lib/lean:/home/runner/work/lean4-unicode-basic/lean4-unicode-basic/.lake/packages/BibtexQuery/.lake/build/lib/lean:/home/runner/work/lean4-unicode-basic/lean4-unicode-basic/.lake/packages/Cli/.lake/build/lib/lean:/home/runner/work/lean4-unicode-basic/lean4-unicode-basic/.lake/packages/leansqlite/.lake/build/lib/lean:/home/runner/work/lean4-unicode-basic/lean4-unicode-basic/.lake/packages/doc-gen4/.lake/build/lib/lean:/home/runner/work/lean4-unicode-basic/lean4-unicode-basic/.lake/build/lib/lean:/home/runner/work/lean4-unicode-basic/lean4-unicode-basic/docs/lib/lean:/home/runner/.elan/toolchains/leanprover--lean4---v4.30.0-rc2/lib/lean LEAN_SRC_PATH=/home/runner/work/lean4-unicode-basic/lean4-unicode-basic/.lake/packages/plausible:/home/runner/work/lean4-unicode-basic/lean4-unicode-basic/.lake/packages/plausible:/home/runner/work/lean4-unicode-basic/lean4-unicode-basic/.lake/packages/MD4Lean:/home/runner/work/lean4-unicode-basic/lean4-unicode-basic/.lake/packages/MD4Lean:/home/runner/work/lean4-unicode-basic/lean4-unicode-basic/.lake/packages/BibtexQuery:/home/runner/work/lean4-unicode-basic/lean4-unicode-basic/.lake/packages/Cli:/home/runner/work/lean4-unicode-basic/lean4-unicode-basic/.lake/packages/Cli:/home/runner/work/lean4-unicode-basic/lean4-unicode-basic/.lake/packages/leansqlite:/home/runner/work/lean4-unicode-basic/lean4-unicode-basic/.lake/packages/leansqlite:/home/runner/work/lean4-unicode-basic/lean4-unicode-basic/.lake/packages/doc-gen4:/home/runner/work/lean4-unicode-basic/lean4-unicode-basic:/home/runner/work/lean4-unicode-basic/lean4-unicode-basic:/home/runner/.elan/toolchains/leanprover--lean4---v4.30.0-rc2/src/lean/lake LEAN_GITHASH=3dc1a088b6d2d8eafe25a7cd7ec7b58d731bd7cc PATH LD_LIBRARY_PATH=/home/runner/.elan/toolchains/leanprover--lean4---v4.30.0-rc2/lib/lean:/home/runner/.elan/toolchains/leanprover--lean4---v4.30.0-rc2/lib:/home/runner/work/lean4-unicode-basic/lean4-unicode-basic/docs/lib:/home/runner/work/lean4-unicode-basic/lean4-unicode-basic/.lake/build/lib:/home/runner/work/lean4-unicode-basic/lean4-unicode-basic/.lake/packages/doc-gen4/.lake/build/lib:/home/runner/work/lean4-unicode-basic/lean4-unicode-basic/.lake/packages/leansqlite/.lake/build/lib:/home/runner/work/lean4-unicode-basic/lean4-unicode-basic/.lake/packages/Cli/.lake/build/lib:/home/runner/work/lean4-unicode-basic/lean4-unicode-basic/.lake/packages/BibtexQuery/.lake/build/lib:/home/runner/work/lean4-unicode-basic/lean4-unicode-basic/.lake/packages/MD4Lean/.lake/build/lib:/home/runner/work/lean4-unicode-basic/lean4-unicode-basic/.lake/packages/plausible/.lake/build/lib /home/runner/work/lean4-unicode-basic/lean4-unicode-basic/.lake/packages/doc-gen4/.lake/build/bin/doc-gen4 single --build /home/runner/work/lean4-unicode-basic/lean4-unicode-basic/docs UnicodeData api-docs.db https://github.com/fgdorais/lean4-unicode-basic/blob/05954ce1797e6bd6b414c916499fe6dda4a11702/UnicodeData.lean",
   "level": "trace"}],
 "inputs":
 [["<nil>", "e0ef540168b1a2cd"],
  ["<collection>",
   [["/home/runner/work/lean4-unicode-basic/lean4-unicode-basic/docs/doc-data/UnicodeData.Aliases.doc",
     "21c42906adea99f5"],
    ["/home/runner/work/lean4-unicode-basic/lean4-unicode-basic/docs/doc-data/UnicodeData.Basic.doc",
     "21c42906adea99f5"],
    ["/home/runner/work/lean4-unicode-basic/lean4-unicode-basic/docs/doc-data/UnicodeData.PropList.doc",
     "21c42906adea99f5"],
    ["/home/runner/work/lean4-unicode-basic/lean4-unicode-basic/docs/doc-data/UnicodeData.Scripts.doc",
     "21c42906adea99f5"]]],
  ["/home/runner/work/lean4-unicode-basic/lean4-unicode-basic/docs/doc-data/references.json",
   "16fb262bc340d332"],
  ["/home/runner/work/lean4-unicode-basic/lean4-unicode-basic/.lake/packages/doc-gen4/.lake/build/bin/doc-gen4",
   "866d8cb4aff26887"],
  ["UnicodeData:leanArts", "5d1f2e295da9bf02"]],
 "depHash": "070325530de8758b"}