{"synthetic": false,
 "schemaVersion": "2025-09-10",
 "outputs": null,
 "log":
 [{"message":
   ".> ELAN=elan ELAN_HOME=/home/runner/.elan ELAN_TOOLCHAIN=leanprover/lean4:v4.28.0 LAKE=/home/runner/.elan/toolchains/leanprover--lean4---v4.28.0/bin/lake LAKE_HOME=/home/runner/.elan/toolchains/leanprover--lean4---v4.28.0 LAKE_PKG_URL_MAP={} LAKE_NO_CACHE=false LAKE_CACHE_KEY= LAKE_CACHE_ARTIFACT_ENDPOINT= LAKE_CACHE_REVISION_ENDPOINT= LEAN=/home/runner/.elan/toolchains/leanprover--lean4---v4.28.0/bin/lean LEAN_SYSROOT=/home/runner/.elan/toolchains/leanprover--lean4---v4.28.0 LEAN_AR=/home/runner/.elan/toolchains/leanprover--lean4---v4.28.0/bin/llvm-ar LEAN_CC= LAKE_CACHE_DIR=/home/runner/.elan/toolchains/leanprover--lean4---v4.28.0/lake/cache LAKE_ARTIFACT_CACHE=false LEAN_PATH=/home/runner/work/lean4-unicode-basic/lean4-unicode-basic/.lake/packages/MD4Lean/.lake/build/lib/lean:/home/runner/work/lean4-unicode-basic/lean4-unicode-basic/.lake/packages/BibtexQuery/.lake/build/lib/lean:/home/runner/work/lean4-unicode-basic/lean4-unicode-basic/.lake/packages/Cli/.lake/build/lib/lean:/home/runner/work/lean4-unicode-basic/lean4-unicode-basic/.lake/packages/doc-gen4/.lake/build/lib/lean:/home/runner/work/lean4-unicode-basic/lean4-unicode-basic/.lake/build/lib/lean:/home/runner/work/lean4-unicode-basic/lean4-unicode-basic/docs/lib/lean:/home/runner/.elan/toolchains/leanprover--lean4---v4.28.0/lib/lean LEAN_SRC_PATH=/home/runner/work/lean4-unicode-basic/lean4-unicode-basic/.lake/packages/MD4Lean:/home/runner/work/lean4-unicode-basic/lean4-unicode-basic/.lake/packages/MD4Lean:/home/runner/work/lean4-unicode-basic/lean4-unicode-basic/.lake/packages/BibtexQuery:/home/runner/work/lean4-unicode-basic/lean4-unicode-basic/.lake/packages/Cli:/home/runner/work/lean4-unicode-basic/lean4-unicode-basic/.lake/packages/Cli:/home/runner/work/lean4-unicode-basic/lean4-unicode-basic/.lake/packages/doc-gen4:/home/runner/work/lean4-unicode-basic/lean4-unicode-basic:/home/runner/work/lean4-unicode-basic/lean4-unicode-basic:/home/runner/.elan/toolchains/leanprover--lean4---v4.28.0/src/lean/lake LEAN_GITHASH=7e01a1bf5c70fc6167d49c345d3bf80596e9a79b PATH LD_LIBRARY_PATH=/home/runner/.elan/toolchains/leanprover--lean4---v4.28.0/lib/lean:/home/runner/.elan/toolchains/leanprover--lean4---v4.28.0/lib:/home/runner/work/lean4-unicode-basic/lean4-unicode-basic/docs/lib:/home/runner/work/lean4-unicode-basic/lean4-unicode-basic/.lake/build/lib:/home/runner/work/lean4-unicode-basic/lean4-unicode-basic/.lake/packages/doc-gen4/.lake/build/lib:/home/runner/work/lean4-unicode-basic/lean4-unicode-basic/.lake/packages/Cli/.lake/build/lib:/home/runner/work/lean4-unicode-basic/lean4-unicode-basic/.lake/packages/BibtexQuery/.lake/build/lib:/home/runner/work/lean4-unicode-basic/lean4-unicode-basic/.lake/packages/MD4Lean/.lake/build/lib /home/runner/work/lean4-unicode-basic/lean4-unicode-basic/.lake/packages/doc-gen4/.lake/build/bin/doc-gen4 single --build /home/runner/work/lean4-unicode-basic/lean4-unicode-basic/docs UnicodeData https://github.com/fgdorais/lean4-unicode-basic/blob/ff04f5c424e50e23476d3539c7c0cc4956e971ad/UnicodeData.lean",
   "level": "trace"}],
 "inputs":
 [["<collection>",
   [["/home/runner/work/lean4-unicode-basic/lean4-unicode-basic/docs/doc/UnicodeData/Aliases.html",
     "2335a18785f49bc4"],
    ["/home/runner/work/lean4-unicode-basic/lean4-unicode-basic/docs/doc/UnicodeData/Basic.html",
     "fd7421d4bb13bae7"],
    ["/home/runner/work/lean4-unicode-basic/lean4-unicode-basic/docs/doc/UnicodeData/PropList.html",
     "329b529da8e0e03d"]]],
  ["/home/runner/work/lean4-unicode-basic/lean4-unicode-basic/docs/doc-data/references.json",
   "a50f2257f35adb49"],
  ["/home/runner/work/lean4-unicode-basic/lean4-unicode-basic/.lake/packages/doc-gen4/.lake/build/bin/doc-gen4",
   "b54b0d6eeda5765b"],
  ["UnicodeData:leanArts", "b3c53ae2ec7b3d9e"]],
 "depHash": "d07d90a1745e58d4"}