{"synthetic": false,
 "schemaVersion": "2025-09-10",
 "outputs": null,
 "log":
 [{"message": "Documentation indexing", "level": "info"},
  {"message":
   ".> /home/runner/work/lean4-unicode-basic/lean4-unicode-basic/.lake/packages/doc-gen4/.lake/build/bin/doc-gen4 index --build /home/runner/work/lean4-unicode-basic/lean4-unicode-basic/docs",
   "level": "trace"}],
 "inputs":
 [["/home/runner/work/lean4-unicode-basic/lean4-unicode-basic/docs/doc-data/references.json",
   "a50f2257f35adb49"],
  ["/home/runner/work/lean4-unicode-basic/lean4-unicode-basic/.lake/packages/doc-gen4/.lake/build/bin/doc-gen4",
   "b54b0d6eeda5765b"],
  ["<nil>", "693a81cbc883e942"],
  ["<collection>",
   [["/home/runner/work/lean4-unicode-basic/lean4-unicode-basic/docs/doc/UnicodeBasic/Types.html",
     "6c6e90dfa892d1bb"],
    ["/home/runner/work/lean4-unicode-basic/lean4-unicode-basic/docs/doc/UnicodeBasic/CharacterDatabase.html",
     "03884a15c0743b7d"],
    ["/home/runner/work/lean4-unicode-basic/lean4-unicode-basic/docs/doc/UnicodeBasic/Hangul.html",
     "2070c3c4d82cbab1"],
    ["/home/runner/work/lean4-unicode-basic/lean4-unicode-basic/docs/doc/UnicodeBasic/TableLookup.html",
     "7209b70a1107a951"],
    ["/home/runner/work/lean4-unicode-basic/lean4-unicode-basic/docs/doc/UnicodeBasic.html",
     "6fd3f5110900a86e"]]]],
 "depHash": "45bc977af91ea55b"}